[11-Jun-2025 05:41:52 UTC] PHP Warning:  include_once(/var/www/public_html/wp-content/plugins/wp-super-cache/wp-cache-phase1.php): Failed to open stream: No such file or directory in /var/www/public_html/wp-content/advanced-cache.php on line 22
[11-Jun-2025 05:41:52 UTC] PHP Warning:  include_once(): Failed opening '/var/www/public_html/wp-content/plugins/wp-super-cache/wp-cache-phase1.php' for inclusion (include_path='.:/usr/share/php') in /var/www/public_html/wp-content/advanced-cache.php on line 22
[11-Jun-2025 05:41:54 UTC] PHP Deprecated:  Optional parameter $opacity declared before required parameter $width is implicitly treated as a required parameter in /var/www/public_html/wp-content/plugins/ultra-admin/lib/ultra-css-lib.php on line 44
[11-Jun-2025 05:41:54 UTC] PHP Deprecated:  Optional parameter $opacity declared before required parameter $bordertype is implicitly treated as a required parameter in /var/www/public_html/wp-content/plugins/ultra-admin/lib/ultra-css-lib.php on line 243
[11-Jun-2025 05:41:55 UTC] PHP Notice:  _load_textdomain_just_in_time işlevi <strong>yanlış</strong> çağrıldı. Translation loading for the <code>the7mk2</code> domain was triggered too early. This is usually an indicator for some code in the plugin or theme running too early. Translations should be loaded at the <code>init</code> action or later. Ayrıntılı bilgi almak için lütfen <a href="https://developer.wordpress.org/advanced-administration/debug/debug-wordpress/">WordPress hata ayıklama</a> bölümüne bakın. (Bu ileti 6.7.0 sürümünde eklendi.) in /var/www/public_html/wp-includes/functions.php on line 6121
[11-Jun-2025 05:41:55 UTC] PHP Deprecated:  Creation of dynamic property ReduxFramework_extension_import_export::$field_name is deprecated in /var/www/public_html/wp-content/plugins/ultra-admin/framework/core/inc/extensions/import_export/extension_import_export.php on line 62
[11-Jun-2025 05:41:55 UTC] PHP Deprecated:  Creation of dynamic property ReduxFramework::$transients is deprecated in /var/www/public_html/wp-content/plugins/ultra-admin/framework/core/framework.php on line 2388
[11-Jun-2025 05:41:55 UTC] PHP Deprecated:  Creation of dynamic property ReduxFramework::$transients_check is deprecated in /var/www/public_html/wp-content/plugins/ultra-admin/framework/core/framework.php on line 2389
[11-Jun-2025 05:41:55 UTC] PHP Deprecated:  Creation of dynamic property ReduxFramework::$apiHasRun is deprecated in /var/www/public_html/wp-content/plugins/ultra-admin/framework/core/inc/class.redux_api.php on line 116
[11-Jun-2025 05:41:57 UTC] PHP Warning:  Undefined array key 31 in /var/www/public_html/wp-content/plugins/elementor/includes/base/controls-stack.php on line 696
[11-Jun-2025 05:41:57 UTC] PHP Deprecated:  Optional parameter $field declared before required parameter $parent is implicitly treated as a required parameter in /var/www/public_html/wp-content/plugins/ultra-admin/framework/core/inc/fields/image_select/field_image_select.php on line 45
[11-Jun-2025 05:41:57 UTC] PHP Deprecated:  Optional parameter $value declared before required parameter $parent is implicitly treated as a required parameter in /var/www/public_html/wp-content/plugins/ultra-admin/framework/core/inc/fields/image_select/field_image_select.php on line 45
[11-Jun-2025 05:41:57 UTC] PHP Deprecated:  Creation of dynamic property ReduxFramework_image_select::$parent is deprecated in /var/www/public_html/wp-content/plugins/ultra-admin/framework/core/inc/fields/image_select/field_image_select.php on line 46
[11-Jun-2025 05:41:57 UTC] PHP Deprecated:  Creation of dynamic property ReduxFramework_image_select::$field is deprecated in /var/www/public_html/wp-content/plugins/ultra-admin/framework/core/inc/fields/image_select/field_image_select.php on line 47
[11-Jun-2025 05:41:57 UTC] PHP Deprecated:  Creation of dynamic property ReduxFramework_image_select::$value is deprecated in /var/www/public_html/wp-content/plugins/ultra-admin/framework/core/inc/fields/image_select/field_image_select.php on line 48
[11-Jun-2025 05:41:57 UTC] PHP Deprecated:  Optional parameter $field declared before required parameter $parent is implicitly treated as a required parameter in /var/www/public_html/wp-content/plugins/ultra-admin/framework/core/inc/fields/color/field_color.php on line 45
[11-Jun-2025 05:41:57 UTC] PHP Deprecated:  Optional parameter $value declared before required parameter $parent is implicitly treated as a required parameter in /var/www/public_html/wp-content/plugins/ultra-admin/framework/core/inc/fields/color/field_color.php on line 45
[11-Jun-2025 05:41:57 UTC] PHP Deprecated:  Optional parameter $field declared before required parameter $parent is implicitly treated as a required parameter in /var/www/public_html/wp-content/plugins/ultra-admin/framework/core/inc/fields/background/field_background.php on line 43
[11-Jun-2025 05:41:57 UTC] PHP Deprecated:  Optional parameter $value declared before required parameter $parent is implicitly treated as a required parameter in /var/www/public_html/wp-content/plugins/ultra-admin/framework/core/inc/fields/background/field_background.php on line 43
[11-Jun-2025 05:41:57 UTC] PHP Deprecated:  Optional parameter $field declared before required parameter $parent is implicitly treated as a required parameter in /var/www/public_html/wp-content/plugins/ultra-admin/framework/core/inc/fields/link_color/field_link_color.php on line 46
[11-Jun-2025 05:41:57 UTC] PHP Deprecated:  Optional parameter $value declared before required parameter $parent is implicitly treated as a required parameter in /var/www/public_html/wp-content/plugins/ultra-admin/framework/core/inc/fields/link_color/field_link_color.php on line 46
[11-Jun-2025 05:41:57 UTC] PHP Deprecated:  Optional parameter $field declared before required parameter $parent is implicitly treated as a required parameter in /var/www/public_html/wp-content/plugins/ultra-admin/framework/core/inc/fields/info/field_info.php on line 45
[11-Jun-2025 05:41:57 UTC] PHP Deprecated:  Optional parameter $value declared before required parameter $parent is implicitly treated as a required parameter in /var/www/public_html/wp-content/plugins/ultra-admin/framework/core/inc/fields/info/field_info.php on line 45
[11-Jun-2025 05:41:57 UTC] PHP Deprecated:  Optional parameter $field declared before required parameter $parent is implicitly treated as a required parameter in /var/www/public_html/wp-content/plugins/ultra-admin/framework/core/inc/fields/typography/field_typography.php on line 50
[11-Jun-2025 05:41:57 UTC] PHP Deprecated:  Optional parameter $value declared before required parameter $parent is implicitly treated as a required parameter in /var/www/public_html/wp-content/plugins/ultra-admin/framework/core/inc/fields/typography/field_typography.php on line 50
[11-Jun-2025 05:41:57 UTC] PHP Deprecated:  Creation of dynamic property ReduxFramework_typography::$parent is deprecated in /var/www/public_html/wp-content/plugins/ultra-admin/framework/core/inc/fields/typography/field_typography.php on line 51
[11-Jun-2025 05:41:57 UTC] PHP Deprecated:  Creation of dynamic property ReduxFramework_typography::$field is deprecated in /var/www/public_html/wp-content/plugins/ultra-admin/framework/core/inc/fields/typography/field_typography.php on line 52
[11-Jun-2025 05:41:57 UTC] PHP Deprecated:  Creation of dynamic property ReduxFramework_typography::$value is deprecated in /var/www/public_html/wp-content/plugins/ultra-admin/framework/core/inc/fields/typography/field_typography.php on line 53
[11-Jun-2025 05:41:57 UTC] PHP Deprecated:  Creation of dynamic property ReduxFramework::$googleArray is deprecated in /var/www/public_html/wp-content/plugins/ultra-admin/framework/core/inc/fields/typography/field_typography.php on line 976
[11-Jun-2025 05:41:57 UTC] PHP Deprecated:  Creation of dynamic property ReduxFramework_typography::$parent is deprecated in /var/www/public_html/wp-content/plugins/ultra-admin/framework/core/inc/fields/typography/field_typography.php on line 51
[11-Jun-2025 05:41:57 UTC] PHP Deprecated:  Creation of dynamic property ReduxFramework_typography::$field is deprecated in /var/www/public_html/wp-content/plugins/ultra-admin/framework/core/inc/fields/typography/field_typography.php on line 52
[11-Jun-2025 05:41:57 UTC] PHP Deprecated:  Creation of dynamic property ReduxFramework_typography::$value is deprecated in /var/www/public_html/wp-content/plugins/ultra-admin/framework/core/inc/fields/typography/field_typography.php on line 53
[11-Jun-2025 05:41:57 UTC] PHP Deprecated:  Creation of dynamic property ReduxFramework_typography::$parent is deprecated in /var/www/public_html/wp-content/plugins/ultra-admin/framework/core/inc/fields/typography/field_typography.php on line 51
[11-Jun-2025 05:41:57 UTC] PHP Deprecated:  Creation of dynamic property ReduxFramework_typography::$field is deprecated in /var/www/public_html/wp-content/plugins/ultra-admin/framework/core/inc/fields/typography/field_typography.php on line 52
[11-Jun-2025 05:41:57 UTC] PHP Deprecated:  Creation of dynamic property ReduxFramework_typography::$value is deprecated in /var/www/public_html/wp-content/plugins/ultra-admin/framework/core/inc/fields/typography/field_typography.php on line 53
[11-Jun-2025 05:41:57 UTC] PHP Deprecated:  Creation of dynamic property ReduxFramework_typography::$parent is deprecated in /var/www/public_html/wp-content/plugins/ultra-admin/framework/core/inc/fields/typography/field_typography.php on line 51
[11-Jun-2025 05:41:57 UTC] PHP Deprecated:  Creation of dynamic property ReduxFramework_typography::$field is deprecated in /var/www/public_html/wp-content/plugins/ultra-admin/framework/core/inc/fields/typography/field_typography.php on line 52
[11-Jun-2025 05:41:57 UTC] PHP Deprecated:  Creation of dynamic property ReduxFramework_typography::$value is deprecated in /var/www/public_html/wp-content/plugins/ultra-admin/framework/core/inc/fields/typography/field_typography.php on line 53
[11-Jun-2025 05:41:57 UTC] PHP Deprecated:  Optional parameter $field declared before required parameter $parent is implicitly treated as a required parameter in /var/www/public_html/wp-content/plugins/ultra-admin/framework/core/inc/fields/select/field_select.php on line 17
[11-Jun-2025 05:41:57 UTC] PHP Deprecated:  Optional parameter $value declared before required parameter $parent is implicitly treated as a required parameter in /var/www/public_html/wp-content/plugins/ultra-admin/framework/core/inc/fields/select/field_select.php on line 17
[11-Jun-2025 05:41:57 UTC] PHP Deprecated:  Optional parameter $field declared before required parameter $parent is implicitly treated as a required parameter in /var/www/public_html/wp-content/plugins/ultra-admin/framework/core/inc/fields/switch/field_switch.php on line 17
[11-Jun-2025 05:41:57 UTC] PHP Deprecated:  Optional parameter $value declared before required parameter $parent is implicitly treated as a required parameter in /var/www/public_html/wp-content/plugins/ultra-admin/framework/core/inc/fields/switch/field_switch.php on line 17
[11-Jun-2025 05:41:57 UTC] PHP Deprecated:  Optional parameter $field declared before required parameter $parent is implicitly treated as a required parameter in /var/www/public_html/wp-content/plugins/ultra-admin/framework/core/inc/fields/text/field_text.php on line 17
[11-Jun-2025 05:41:57 UTC] PHP Deprecated:  Optional parameter $value declared before required parameter $parent is implicitly treated as a required parameter in /var/www/public_html/wp-content/plugins/ultra-admin/framework/core/inc/fields/text/field_text.php on line 17
[11-Jun-2025 05:41:57 UTC] PHP Deprecated:  Optional parameter $field declared before required parameter $parent is implicitly treated as a required parameter in /var/www/public_html/wp-content/plugins/ultra-admin/framework/core/inc/fields/media/field_media.php on line 46
[11-Jun-2025 05:41:57 UTC] PHP Deprecated:  Optional parameter $value declared before required parameter $parent is implicitly treated as a required parameter in /var/www/public_html/wp-content/plugins/ultra-admin/framework/core/inc/fields/media/field_media.php on line 46
[11-Jun-2025 05:41:57 UTC] PHP Deprecated:  Creation of dynamic property ReduxFramework_background::$parent is deprecated in /var/www/public_html/wp-content/plugins/ultra-admin/framework/core/inc/fields/background/field_background.php on line 45
[11-Jun-2025 05:41:57 UTC] PHP Deprecated:  Creation of dynamic property ReduxFramework_background::$field is deprecated in /var/www/public_html/wp-content/plugins/ultra-admin/framework/core/inc/fields/background/field_background.php on line 46
[11-Jun-2025 05:41:57 UTC] PHP Deprecated:  Creation of dynamic property ReduxFramework_background::$value is deprecated in /var/www/public_html/wp-content/plugins/ultra-admin/framework/core/inc/fields/background/field_background.php on line 47
[11-Jun-2025 05:41:57 UTC] PHP Deprecated:  Creation of dynamic property ReduxFramework_background::$parent is deprecated in /var/www/public_html/wp-content/plugins/ultra-admin/framework/core/inc/fields/background/field_background.php on line 45
[11-Jun-2025 05:41:57 UTC] PHP Deprecated:  Creation of dynamic property ReduxFramework_background::$field is deprecated in /var/www/public_html/wp-content/plugins/ultra-admin/framework/core/inc/fields/background/field_background.php on line 46
[11-Jun-2025 05:41:57 UTC] PHP Deprecated:  Creation of dynamic property ReduxFramework_background::$value is deprecated in /var/www/public_html/wp-content/plugins/ultra-admin/framework/core/inc/fields/background/field_background.php on line 47
[11-Jun-2025 05:41:57 UTC] PHP Deprecated:  Creation of dynamic property ReduxFramework_color::$parent is deprecated in /var/www/public_html/wp-content/plugins/ultra-admin/framework/core/inc/fields/color/field_color.php on line 47
[11-Jun-2025 05:41:57 UTC] PHP Deprecated:  Creation of dynamic property ReduxFramework_color::$field is deprecated in /var/www/public_html/wp-content/plugins/ultra-admin/framework/core/inc/fields/color/field_color.php on line 48
[11-Jun-2025 05:41:57 UTC] PHP Deprecated:  Creation of dynamic property ReduxFramework_color::$value is deprecated in /var/www/public_html/wp-content/plugins/ultra-admin/framework/core/inc/fields/color/field_color.php on line 49
[11-Jun-2025 05:41:57 UTC] PHP Deprecated:  Creation of dynamic property ReduxFramework_link_color::$parent is deprecated in /var/www/public_html/wp-content/plugins/ultra-admin/framework/core/inc/fields/link_color/field_link_color.php on line 47
[11-Jun-2025 05:41:57 UTC] PHP Deprecated:  Creation of dynamic property ReduxFramework_link_color::$field is deprecated in /var/www/public_html/wp-content/plugins/ultra-admin/framework/core/inc/fields/link_color/field_link_color.php on line 48
[11-Jun-2025 05:41:57 UTC] PHP Deprecated:  Creation of dynamic property ReduxFramework_link_color::$value is deprecated in /var/www/public_html/wp-content/plugins/ultra-admin/framework/core/inc/fields/link_color/field_link_color.php on line 49
[11-Jun-2025 05:41:57 UTC] PHP Deprecated:  Creation of dynamic property ReduxFramework_color::$parent is deprecated in /var/www/public_html/wp-content/plugins/ultra-admin/framework/core/inc/fields/color/field_color.php on line 47
[11-Jun-2025 05:41:57 UTC] PHP Deprecated:  Creation of dynamic property ReduxFramework_color::$field is deprecated in /var/www/public_html/wp-content/plugins/ultra-admin/framework/core/inc/fields/color/field_color.php on line 48
[11-Jun-2025 05:41:57 UTC] PHP Deprecated:  Creation of dynamic property ReduxFramework_color::$value is deprecated in /var/www/public_html/wp-content/plugins/ultra-admin/framework/core/inc/fields/color/field_color.php on line 49
[11-Jun-2025 05:41:57 UTC] PHP Deprecated:  Creation of dynamic property ReduxFramework_color::$parent is deprecated in /var/www/public_html/wp-content/plugins/ultra-admin/framework/core/inc/fields/color/field_color.php on line 47
[11-Jun-2025 05:41:57 UTC] PHP Deprecated:  Creation of dynamic property ReduxFramework_color::$field is deprecated in /var/www/public_html/wp-content/plugins/ultra-admin/framework/core/inc/fields/color/field_color.php on line 48
[11-Jun-2025 05:41:57 UTC] PHP Deprecated:  Creation of dynamic property ReduxFramework_color::$value is deprecated in /var/www/public_html/wp-content/plugins/ultra-admin/framework/core/inc/fields/color/field_color.php on line 49
[11-Jun-2025 05:41:57 UTC] PHP Deprecated:  Creation of dynamic property ReduxFramework_color::$parent is deprecated in /var/www/public_html/wp-content/plugins/ultra-admin/framework/core/inc/fields/color/field_color.php on line 47
[11-Jun-2025 05:41:57 UTC] PHP Deprecated:  Creation of dynamic property ReduxFramework_color::$field is deprecated in /var/www/public_html/wp-content/plugins/ultra-admin/framework/core/inc/fields/color/field_color.php on line 48
[11-Jun-2025 05:41:57 UTC] PHP Deprecated:  Creation of dynamic property ReduxFramework_color::$value is deprecated in /var/www/public_html/wp-content/plugins/ultra-admin/framework/core/inc/fields/color/field_color.php on line 49
[11-Jun-2025 05:41:57 UTC] PHP Deprecated:  Creation of dynamic property ReduxFramework_color::$parent is deprecated in /var/www/public_html/wp-content/plugins/ultra-admin/framework/core/inc/fields/color/field_color.php on line 47
[11-Jun-2025 05:41:57 UTC] PHP Deprecated:  Creation of dynamic property ReduxFramework_color::$field is deprecated in /var/www/public_html/wp-content/plugins/ultra-admin/framework/core/inc/fields/color/field_color.php on line 48
[11-Jun-2025 05:41:57 UTC] PHP Deprecated:  Creation of dynamic property ReduxFramework_color::$value is deprecated in /var/www/public_html/wp-content/plugins/ultra-admin/framework/core/inc/fields/color/field_color.php on line 49
[11-Jun-2025 05:41:57 UTC] PHP Deprecated:  Creation of dynamic property ReduxFramework_color::$parent is deprecated in /var/www/public_html/wp-content/plugins/ultra-admin/framework/core/inc/fields/color/field_color.php on line 47
[11-Jun-2025 05:41:57 UTC] PHP Deprecated:  Creation of dynamic property ReduxFramework_color::$field is deprecated in /var/www/public_html/wp-content/plugins/ultra-admin/framework/core/inc/fields/color/field_color.php on line 48
[11-Jun-2025 05:41:57 UTC] PHP Deprecated:  Creation of dynamic property ReduxFramework_color::$value is deprecated in /var/www/public_html/wp-content/plugins/ultra-admin/framework/core/inc/fields/color/field_color.php on line 49
[11-Jun-2025 05:41:57 UTC] PHP Deprecated:  Optional parameter $field declared before required parameter $parent is implicitly treated as a required parameter in /var/www/public_html/wp-content/plugins/ultra-admin/framework/core/inc/fields/editor/field_editor.php on line 46
[11-Jun-2025 05:41:57 UTC] PHP Deprecated:  Optional parameter $value declared before required parameter $parent is implicitly treated as a required parameter in /var/www/public_html/wp-content/plugins/ultra-admin/framework/core/inc/fields/editor/field_editor.php on line 46
[11-Jun-2025 05:41:57 UTC] PHP Deprecated:  Optional parameter $field declared before required parameter $parent is implicitly treated as a required parameter in /var/www/public_html/wp-content/plugins/ultra-admin/framework/core/inc/fields/ace_editor/field_ace_editor.php on line 35
[11-Jun-2025 05:41:57 UTC] PHP Deprecated:  Optional parameter $value declared before required parameter $parent is implicitly treated as a required parameter in /var/www/public_html/wp-content/plugins/ultra-admin/framework/core/inc/fields/ace_editor/field_ace_editor.php on line 35
[11-Jun-2025 05:41:57 UTC] PHP Deprecated:  Optional parameter $field declared before required parameter $parent is implicitly treated as a required parameter in /var/www/public_html/wp-content/plugins/ultra-admin/framework/core/inc/extensions/import_export/import_export/field_import_export.php on line 42
[11-Jun-2025 05:41:57 UTC] PHP Deprecated:  Optional parameter $value declared before required parameter $parent is implicitly treated as a required parameter in /var/www/public_html/wp-content/plugins/ultra-admin/framework/core/inc/extensions/import_export/import_export/field_import_export.php on line 42
[11-Jun-2025 05:41:57 UTC] PHP Deprecated:  Creation of dynamic property ReduxFramework_typography::$parent is deprecated in /var/www/public_html/wp-content/plugins/ultra-admin/framework/core/inc/fields/typography/field_typography.php on line 51
[11-Jun-2025 05:41:57 UTC] PHP Deprecated:  Creation of dynamic property ReduxFramework_typography::$field is deprecated in /var/www/public_html/wp-content/plugins/ultra-admin/framework/core/inc/fields/typography/field_typography.php on line 52
[11-Jun-2025 05:41:57 UTC] PHP Deprecated:  Creation of dynamic property ReduxFramework_typography::$value is deprecated in /var/www/public_html/wp-content/plugins/ultra-admin/framework/core/inc/fields/typography/field_typography.php on line 53
[11-Jun-2025 05:43:02 UTC] PHP Warning:  include_once(/var/www/public_html/wp-content/plugins/wp-super-cache/wp-cache-phase1.php): Failed to open stream: No such file or directory in /var/www/public_html/wp-content/advanced-cache.php on line 22
[11-Jun-2025 05:43:02 UTC] PHP Warning:  include_once(): Failed opening '/var/www/public_html/wp-content/plugins/wp-super-cache/wp-cache-phase1.php' for inclusion (include_path='.:/usr/share/php') in /var/www/public_html/wp-content/advanced-cache.php on line 22
[11-Jun-2025 05:43:02 UTC] PHP Notice:  _load_textdomain_just_in_time işlevi <strong>yanlış</strong> çağrıldı. Translation loading for the <code>the7mk2</code> domain was triggered too early. This is usually an indicator for some code in the plugin or theme running too early. Translations should be loaded at the <code>init</code> action or later. Ayrıntılı bilgi almak için lütfen <a href="https://developer.wordpress.org/advanced-administration/debug/debug-wordpress/">WordPress hata ayıklama</a> bölümüne bakın. (Bu ileti 6.7.0 sürümünde eklendi.) in /var/www/public_html/wp-includes/functions.php on line 6121
[11-Jun-2025 05:43:02 UTC] PHP Deprecated:  Creation of dynamic property ReduxFramework_extension_import_export::$field_name is deprecated in /var/www/public_html/wp-content/plugins/ultra-admin/framework/core/inc/extensions/import_export/extension_import_export.php on line 62
[11-Jun-2025 05:43:02 UTC] PHP Deprecated:  Creation of dynamic property ReduxFramework::$transients is deprecated in /var/www/public_html/wp-content/plugins/ultra-admin/framework/core/framework.php on line 2388
[11-Jun-2025 05:43:02 UTC] PHP Deprecated:  Creation of dynamic property ReduxFramework::$transients_check is deprecated in /var/www/public_html/wp-content/plugins/ultra-admin/framework/core/framework.php on line 2389
[11-Jun-2025 05:43:02 UTC] PHP Deprecated:  Creation of dynamic property ReduxFramework::$apiHasRun is deprecated in /var/www/public_html/wp-content/plugins/ultra-admin/framework/core/inc/class.redux_api.php on line 116
[11-Jun-2025 05:43:02 UTC] PHP Warning:  Undefined array key 31 in /var/www/public_html/wp-content/plugins/elementor/includes/base/controls-stack.php on line 696
[11-Jun-2025 05:43:03 UTC] PHP Deprecated:  Creation of dynamic property ReduxFramework_image_select::$parent is deprecated in /var/www/public_html/wp-content/plugins/ultra-admin/framework/core/inc/fields/image_select/field_image_select.php on line 46
[11-Jun-2025 05:43:03 UTC] PHP Deprecated:  Creation of dynamic property ReduxFramework_image_select::$field is deprecated in /var/www/public_html/wp-content/plugins/ultra-admin/framework/core/inc/fields/image_select/field_image_select.php on line 47
[11-Jun-2025 05:43:03 UTC] PHP Deprecated:  Creation of dynamic property ReduxFramework_image_select::$value is deprecated in /var/www/public_html/wp-content/plugins/ultra-admin/framework/core/inc/fields/image_select/field_image_select.php on line 48
[11-Jun-2025 05:43:03 UTC] PHP Deprecated:  Creation of dynamic property ReduxFramework_typography::$parent is deprecated in /var/www/public_html/wp-content/plugins/ultra-admin/framework/core/inc/fields/typography/field_typography.php on line 51
[11-Jun-2025 05:43:03 UTC] PHP Deprecated:  Creation of dynamic property ReduxFramework_typography::$field is deprecated in /var/www/public_html/wp-content/plugins/ultra-admin/framework/core/inc/fields/typography/field_typography.php on line 52
[11-Jun-2025 05:43:03 UTC] PHP Deprecated:  Creation of dynamic property ReduxFramework_typography::$value is deprecated in /var/www/public_html/wp-content/plugins/ultra-admin/framework/core/inc/fields/typography/field_typography.php on line 53
[11-Jun-2025 05:43:03 UTC] PHP Deprecated:  Creation of dynamic property ReduxFramework::$googleArray is deprecated in /var/www/public_html/wp-content/plugins/ultra-admin/framework/core/inc/fields/typography/field_typography.php on line 976
[11-Jun-2025 05:43:03 UTC] PHP Deprecated:  Creation of dynamic property ReduxFramework_typography::$parent is deprecated in /var/www/public_html/wp-content/plugins/ultra-admin/framework/core/inc/fields/typography/field_typography.php on line 51
[11-Jun-2025 05:43:03 UTC] PHP Deprecated:  Creation of dynamic property ReduxFramework_typography::$field is deprecated in /var/www/public_html/wp-content/plugins/ultra-admin/framework/core/inc/fields/typography/field_typography.php on line 52
[11-Jun-2025 05:43:03 UTC] PHP Deprecated:  Creation of dynamic property ReduxFramework_typography::$value is deprecated in /var/www/public_html/wp-content/plugins/ultra-admin/framework/core/inc/fields/typography/field_typography.php on line 53
[11-Jun-2025 05:43:03 UTC] PHP Deprecated:  Creation of dynamic property ReduxFramework_typography::$parent is deprecated in /var/www/public_html/wp-content/plugins/ultra-admin/framework/core/inc/fields/typography/field_typography.php on line 51
[11-Jun-2025 05:43:03 UTC] PHP Deprecated:  Creation of dynamic property ReduxFramework_typography::$field is deprecated in /var/www/public_html/wp-content/plugins/ultra-admin/framework/core/inc/fields/typography/field_typography.php on line 52
[11-Jun-2025 05:43:03 UTC] PHP Deprecated:  Creation of dynamic property ReduxFramework_typography::$value is deprecated in /var/www/public_html/wp-content/plugins/ultra-admin/framework/core/inc/fields/typography/field_typography.php on line 53
[11-Jun-2025 05:43:03 UTC] PHP Deprecated:  Creation of dynamic property ReduxFramework_typography::$parent is deprecated in /var/www/public_html/wp-content/plugins/ultra-admin/framework/core/inc/fields/typography/field_typography.php on line 51
[11-Jun-2025 05:43:03 UTC] PHP Deprecated:  Creation of dynamic property ReduxFramework_typography::$field is deprecated in /var/www/public_html/wp-content/plugins/ultra-admin/framework/core/inc/fields/typography/field_typography.php on line 52
[11-Jun-2025 05:43:03 UTC] PHP Deprecated:  Creation of dynamic property ReduxFramework_typography::$value is deprecated in /var/www/public_html/wp-content/plugins/ultra-admin/framework/core/inc/fields/typography/field_typography.php on line 53
[11-Jun-2025 05:43:03 UTC] PHP Deprecated:  Creation of dynamic property ReduxFramework_background::$parent is deprecated in /var/www/public_html/wp-content/plugins/ultra-admin/framework/core/inc/fields/background/field_background.php on line 45
[11-Jun-2025 05:43:03 UTC] PHP Deprecated:  Creation of dynamic property ReduxFramework_background::$field is deprecated in /var/www/public_html/wp-content/plugins/ultra-admin/framework/core/inc/fields/background/field_background.php on line 46
[11-Jun-2025 05:43:03 UTC] PHP Deprecated:  Creation of dynamic property ReduxFramework_background::$value is deprecated in /var/www/public_html/wp-content/plugins/ultra-admin/framework/core/inc/fields/background/field_background.php on line 47
[11-Jun-2025 05:43:03 UTC] PHP Deprecated:  Creation of dynamic property ReduxFramework_background::$parent is deprecated in /var/www/public_html/wp-content/plugins/ultra-admin/framework/core/inc/fields/background/field_background.php on line 45
[11-Jun-2025 05:43:03 UTC] PHP Deprecated:  Creation of dynamic property ReduxFramework_background::$field is deprecated in /var/www/public_html/wp-content/plugins/ultra-admin/framework/core/inc/fields/background/field_background.php on line 46
[11-Jun-2025 05:43:03 UTC] PHP Deprecated:  Creation of dynamic property ReduxFramework_background::$value is deprecated in /var/www/public_html/wp-content/plugins/ultra-admin/framework/core/inc/fields/background/field_background.php on line 47
[11-Jun-2025 05:43:03 UTC] PHP Deprecated:  Creation of dynamic property ReduxFramework_color::$parent is deprecated in /var/www/public_html/wp-content/plugins/ultra-admin/framework/core/inc/fields/color/field_color.php on line 47
[11-Jun-2025 05:43:03 UTC] PHP Deprecated:  Creation of dynamic property ReduxFramework_color::$field is deprecated in /var/www/public_html/wp-content/plugins/ultra-admin/framework/core/inc/fields/color/field_color.php on line 48
[11-Jun-2025 05:43:03 UTC] PHP Deprecated:  Creation of dynamic property ReduxFramework_color::$value is deprecated in /var/www/public_html/wp-content/plugins/ultra-admin/framework/core/inc/fields/color/field_color.php on line 49
[11-Jun-2025 05:43:03 UTC] PHP Deprecated:  Creation of dynamic property ReduxFramework_link_color::$parent is deprecated in /var/www/public_html/wp-content/plugins/ultra-admin/framework/core/inc/fields/link_color/field_link_color.php on line 47
[11-Jun-2025 05:43:03 UTC] PHP Deprecated:  Creation of dynamic property ReduxFramework_link_color::$field is deprecated in /var/www/public_html/wp-content/plugins/ultra-admin/framework/core/inc/fields/link_color/field_link_color.php on line 48
[11-Jun-2025 05:43:03 UTC] PHP Deprecated:  Creation of dynamic property ReduxFramework_link_color::$value is deprecated in /var/www/public_html/wp-content/plugins/ultra-admin/framework/core/inc/fields/link_color/field_link_color.php on line 49
[11-Jun-2025 05:43:03 UTC] PHP Deprecated:  Creation of dynamic property ReduxFramework_color::$parent is deprecated in /var/www/public_html/wp-content/plugins/ultra-admin/framework/core/inc/fields/color/field_color.php on line 47
[11-Jun-2025 05:43:03 UTC] PHP Deprecated:  Creation of dynamic property ReduxFramework_color::$field is deprecated in /var/www/public_html/wp-content/plugins/ultra-admin/framework/core/inc/fields/color/field_color.php on line 48
[11-Jun-2025 05:43:03 UTC] PHP Deprecated:  Creation of dynamic property ReduxFramework_color::$value is deprecated in /var/www/public_html/wp-content/plugins/ultra-admin/framework/core/inc/fields/color/field_color.php on line 49
[11-Jun-2025 05:43:03 UTC] PHP Deprecated:  Creation of dynamic property ReduxFramework_color::$parent is deprecated in /var/www/public_html/wp-content/plugins/ultra-admin/framework/core/inc/fields/color/field_color.php on line 47
[11-Jun-2025 05:43:03 UTC] PHP Deprecated:  Creation of dynamic property ReduxFramework_color::$field is deprecated in /var/www/public_html/wp-content/plugins/ultra-admin/framework/core/inc/fields/color/field_color.php on line 48
[11-Jun-2025 05:43:03 UTC] PHP Deprecated:  Creation of dynamic property ReduxFramework_color::$value is deprecated in /var/www/public_html/wp-content/plugins/ultra-admin/framework/core/inc/fields/color/field_color.php on line 49
[11-Jun-2025 05:43:03 UTC] PHP Deprecated:  Creation of dynamic property ReduxFramework_color::$parent is deprecated in /var/www/public_html/wp-content/plugins/ultra-admin/framework/core/inc/fields/color/field_color.php on line 47
[11-Jun-2025 05:43:03 UTC] PHP Deprecated:  Creation of dynamic property ReduxFramework_color::$field is deprecated in /var/www/public_html/wp-content/plugins/ultra-admin/framework/core/inc/fields/color/field_color.php on line 48
[11-Jun-2025 05:43:03 UTC] PHP Deprecated:  Creation of dynamic property ReduxFramework_color::$value is deprecated in /var/www/public_html/wp-content/plugins/ultra-admin/framework/core/inc/fields/color/field_color.php on line 49
[11-Jun-2025 05:43:03 UTC] PHP Deprecated:  Creation of dynamic property ReduxFramework_color::$parent is deprecated in /var/www/public_html/wp-content/plugins/ultra-admin/framework/core/inc/fields/color/field_color.php on line 47
[11-Jun-2025 05:43:03 UTC] PHP Deprecated:  Creation of dynamic property ReduxFramework_color::$field is deprecated in /var/www/public_html/wp-content/plugins/ultra-admin/framework/core/inc/fields/color/field_color.php on line 48
[11-Jun-2025 05:43:03 UTC] PHP Deprecated:  Creation of dynamic property ReduxFramework_color::$value is deprecated in /var/www/public_html/wp-content/plugins/ultra-admin/framework/core/inc/fields/color/field_color.php on line 49
[11-Jun-2025 05:43:03 UTC] PHP Deprecated:  Creation of dynamic property ReduxFramework_color::$parent is deprecated in /var/www/public_html/wp-content/plugins/ultra-admin/framework/core/inc/fields/color/field_color.php on line 47
[11-Jun-2025 05:43:03 UTC] PHP Deprecated:  Creation of dynamic property ReduxFramework_color::$field is deprecated in /var/www/public_html/wp-content/plugins/ultra-admin/framework/core/inc/fields/color/field_color.php on line 48
[11-Jun-2025 05:43:03 UTC] PHP Deprecated:  Creation of dynamic property ReduxFramework_color::$value is deprecated in /var/www/public_html/wp-content/plugins/ultra-admin/framework/core/inc/fields/color/field_color.php on line 49
[11-Jun-2025 05:43:03 UTC] PHP Deprecated:  Creation of dynamic property ReduxFramework_typography::$parent is deprecated in /var/www/public_html/wp-content/plugins/ultra-admin/framework/core/inc/fields/typography/field_typography.php on line 51
[11-Jun-2025 05:43:03 UTC] PHP Deprecated:  Creation of dynamic property ReduxFramework_typography::$field is deprecated in /var/www/public_html/wp-content/plugins/ultra-admin/framework/core/inc/fields/typography/field_typography.php on line 52
[11-Jun-2025 05:43:03 UTC] PHP Deprecated:  Creation of dynamic property ReduxFramework_typography::$value is deprecated in /var/www/public_html/wp-content/plugins/ultra-admin/framework/core/inc/fields/typography/field_typography.php on line 53
